<?xml version="1.0" encoding="UTF-8"?>
<!-- Generated by org.testng.reporters.JUnitReportReporter -->
<testsuite skipped="0" hostname="LAPTOP-80ILKSPS" name="com.test.automations.UiPomAutomations.LoginPage.Tc_login" tests="1" failures="0" timestamp="08 Mar 2018 06:05:30 GMT" time="3.188" errors="0">
  <testcase name="tc_login" time="3.188" classname="com.test.automations.UiPomAutomations.LoginPage.Tc_login"/>
</testsuite> <!-- com.test.automations.UiPomAutomations.LoginPage.Tc_login -->
