<?xml version="1.0" encoding="UTF-8"?>
<!-- Generated by org.testng.reporters.JUnitReportReporter -->
<testsuite skipped="1" hostname="LAPTOP-80ILKSPS" name="com.test.automations.UiPomAutomations.LoginPage.Tc_login" tests="2" failures="0" timestamp="08 Mar 2018 21:58:42 GMT" time="11.399" errors="1">
  <testcase name="tc_login" time="0.000" classname="com.test.automations.UiPomAutomations.LoginPage.Tc_login">
    <skipped/>
  </testcase> <!-- tc_login -->
  <testcase name="setUp" time="11.399" classname="com.test.automations.UiPomAutomations.LoginPage.Tc_login">
    <error type="org.openqa.selenium.WebDriverException" message="java.net.SocketTimeoutException: timeout
Build info: version: &#039;3.9.0&#039;, revision: &#039;698b3178f0&#039;, time: &#039;2018-02-05T14:26:55.441Z&#039;
System info: host: &#039;LAPTOP-80ILKSPS&#039;, ip: &#039;192.168.1.193&#039;, os.name: &#039;Windows 10&#039;, os.arch: &#039;amd64&#039;, os.version: &#039;10.0&#039;, java.version: &#039;1.8.0_131&#039;
Driver info: driver.version: FirefoxDriver">
      <![CDATA[org.openqa.selenium.WebDriverException: java.net.SocketTimeoutException: timeoutBuild info: version: '3.9.0', revision: '698b3178f0', time: '2018-02-05T14:26:55.441Z'System info: host: 'LAPTOP-80ILKSPS', ip: '192.168.1.193', os.name: 'Windows 10', os.arch: 'amd64', os.version: '10.0', java.version: '1.8.0_131'Driver info: driver.version: FirefoxDriverat org.openqa.selenium.remote.service.DriverCommandExecutor.execute(DriverCommandExecutor.java:92)at org.openqa.selenium.remote.RemoteWebDriver.execute(RemoteWebDriver.java:601)at org.openqa.selenium.remote.RemoteWebDriver.startSession(RemoteWebDriver.java:219)at org.openqa.selenium.remote.RemoteWebDriver.<init>(RemoteWebDriver.java:142)at org.openqa.selenium.firefox.FirefoxDriver.<init>(FirefoxDriver.java:120)at org.openqa.selenium.firefox.FirefoxDriver.<init>(FirefoxDriver.java:98)at com.test.automations.UiPomAutomationsTestBase.TestBase.selectBrowser(TestBase.java:36)at com.test.automations.UiPomAutomationsTestBase.TestBase.init(TestBase.java:20)at com.test.automations.UiPomAutomations.LoginPage.Tc_login.setUp(Tc_login.java:25)at sun.reflect.NativeMethodAccessorImpl.invoke0(Native Method)at sun.reflect.NativeMethodAccessorImpl.invoke(Unknown Source)at sun.reflect.DelegatingMethodAccessorImpl.invoke(Unknown Source)at java.lang.reflect.Method.invoke(Unknown Source)at org.testng.internal.MethodInvocationHelper.invokeMethod(MethodInvocationHelper.java:124)at org.testng.internal.MethodInvocationHelper.invokeMethodConsideringTimeout(MethodInvocationHelper.java:59)at org.testng.internal.Invoker.invokeConfigurationMethod(Invoker.java:451)at org.testng.internal.Invoker.invokeConfigurations(Invoker.java:222)at org.testng.internal.Invoker.invokeConfigurations(Invoker.java:142)at org.testng.TestRunner.beforeRun(TestRunner.java:529)at org.testng.TestRunner.run(TestRunner.java:497)at org.testng.SuiteRunner.runTest(SuiteRunner.java:455)at org.testng.SuiteRunner.runSequentially(SuiteRunner.java:450)at org.testng.SuiteRunner.privateRun(SuiteRunner.java:415)at org.testng.SuiteRunner.run(SuiteRunner.java:364)at org.testng.SuiteRunnerWorker.runSuite(SuiteRunnerWorker.java:52)at org.testng.SuiteRunnerWorker.run(SuiteRunnerWorker.java:84)at org.testng.TestNG.runSuitesSequentially(TestNG.java:1187)at org.testng.TestNG.runSuitesLocally(TestNG.java:1116)at org.testng.TestNG.runSuites(TestNG.java:1028)at org.testng.TestNG.run(TestNG.java:996)at org.testng.remote.AbstractRemoteTestNG.run(AbstractRemoteTestNG.java:114)at org.testng.remote.RemoteTestNG.initAndRun(RemoteTestNG.java:251)at org.testng.remote.RemoteTestNG.main(RemoteTestNG.java:77)Caused by: java.net.SocketTimeoutException: timeoutat okio.Okio$4.newTimeoutException(Okio.java:230)at okio.AsyncTimeout.exit(AsyncTimeout.java:285)at okio.AsyncTimeout$2.read(AsyncTimeout.java:241)at okio.RealBufferedSource.indexOf(RealBufferedSource.java:345)at okio.RealBufferedSource.readUtf8LineStrict(RealBufferedSource.java:217)at okhttp3.internal.http1.Http1Codec.readHeaderLine(Http1Codec.java:212)at okhttp3.internal.http1.Http1Codec.readResponseHeaders(Http1Codec.java:189)at okhttp3.internal.http.CallServerInterceptor.intercept(CallServerInterceptor.java:88)at okhttp3.internal.http.RealInterceptorChain.proceed(RealInterceptorChain.java:147)at okhttp3.internal.connection.ConnectInterceptor.intercept(ConnectInterceptor.java:45)at okhttp3.internal.http.RealInterceptorChain.proceed(RealInterceptorChain.java:147)at okhttp3.internal.http.RealInterceptorChain.proceed(RealInterceptorChain.java:121)at okhttp3.internal.cache.CacheInterceptor.intercept(CacheInterceptor.java:93)at okhttp3.internal.http.RealInterceptorChain.proceed(RealInterceptorChain.java:147)at okhttp3.internal.http.RealInterceptorChain.proceed(RealInterceptorChain.java:121)at okhttp3.internal.http.BridgeInterceptor.intercept(BridgeInterceptor.java:93)at okhttp3.internal.http.RealInterceptorChain.proceed(RealInterceptorChain.java:147)at okhttp3.internal.http.RetryAndFollowUpInterceptor.intercept(RetryAndFollowUpInterceptor.java:125)at okhttp3.internal.http.RealInterceptorChain.proceed(RealInterceptorChain.java:147)at okhttp3.internal.http.RealInterceptorChain.proceed(RealInterceptorChain.java:121)at okhttp3.RealCall.getResponseWithInterceptorChain(RealCall.java:200)at okhttp3.RealCall.execute(RealCall.java:77)at org.openqa.selenium.remote.internal.OkHttpClient.execute(OkHttpClient.java:97)at org.openqa.selenium.remote.internal.OkHttpClient.execute(OkHttpClient.java:47)at org.openqa.selenium.remote.ProtocolHandshake.createSession(ProtocolHandshake.java:101)at org.openqa.selenium.remote.ProtocolHandshake.createSession(ProtocolHandshake.java:73)at org.openqa.selenium.remote.HttpCommandExecutor.execute(HttpCommandExecutor.java:138)at org.openqa.selenium.remote.service.DriverCommandExecutor.execute(DriverCommandExecutor.java:83)... 32 moreCaused by: java.net.SocketTimeoutException: Read timed outat java.net.SocketInputStream.socketRead0(Native Method)at java.net.SocketInputStream.socketRead(Unknown Source)at java.net.SocketInputStream.read(Unknown Source)at java.net.SocketInputStream.read(Unknown Source)at okio.Okio$2.read(Okio.java:139)at okio.AsyncTimeout$2.read(AsyncTimeout.java:237)... 57 more]]>
    </error>
  </testcase> <!-- setUp -->
</testsuite> <!-- com.test.automations.UiPomAutomations.LoginPage.Tc_login -->
